[0m21:50:35.318443 [debug] [MainThread]: Sending event: {'category': 'dbt', 'action': 'invocation', 'label': 'start', 'context': [<snowplow_tracker.self_describing_json.SelfDescribingJson object at 0x000001522B1612B0>, <snowplow_tracker.self_describing_json.SelfDescribingJson object at 0x000001522C543D90>, <snowplow_tracker.self_describing_json.SelfDescribingJson object at 0x000001522C543B10>]}


============================== 21:50:35.324329 | 9f17b404-5b1a-4b6b-ae27-9cfac78b2946 ==============================
[0m21:50:35.324329 [info ] [MainThread]: Running with dbt=1.11.2
[0m21:50:35.324926 [debug] [MainThread]: running dbt with arguments {'static_parser': 'True', 'no_print': 'None', 'version_check': 'True', 'target_path': 'None', 'warn_error_options': 'WarnErrorOptionsV2(error=[], warn=[], silence=[])', 'printer_width': '80', 'write_json': 'True', 'empty': 'None', 'log_cache_events': 'False', 'introspect': 'True', 'cache_selected_only': 'False', 'fail_fast': 'False', 'debug': 'False', 'log_format': 'default', 'profiles_dir': 'C:\\Users\\Rtore\\.dbt', 'send_anonymous_usage_stats': 'True', 'quiet': 'False', 'warn_error': 'None', 'partial_parse': 'True', 'use_colors': 'True', 'invocation_command': 'dbt init steamdata', 'indirect_selection': 'eager', 'use_experimental_parser': 'False', 'log_path': 'logs'}
[0m21:50:35.347899 [info ] [MainThread]: Creating dbt configuration folder at C:\Users\Rtore\.dbt
[0m21:50:35.350662 [debug] [MainThread]: Starter project path: C:\Users\Rtore\OneDrive\Bureau\Mes projets\Data Engineer Complet\Project 1 - TUTORIEL COMPLET — DuckDB + VS Code\steamData_training\venv\Lib\site-packages\dbt\include\starter_project
[0m21:50:35.386451 [info ] [MainThread]: 
Your new dbt project "steamdata" was created!

For more information on how to configure the profiles.yml file,
please consult the dbt documentation here:

  https://docs.getdbt.com/docs/configure-your-profile

One more thing:

Need help? Don't hesitate to reach out to us via GitHub issues or on Slack:

  https://community.getdbt.com/

Happy modeling!

[0m21:50:35.387164 [info ] [MainThread]: Setting up your profile.
[0m21:50:59.224633 [info ] [MainThread]: Profile steamdata written to C:\Users\Rtore\.dbt\profiles.yml using target's sample configuration. Once updated, you'll be able to start developing with dbt.
[0m21:50:59.225793 [debug] [MainThread]: Command `dbt init` succeeded at 21:50:59.225675 after 24.02 seconds
[0m21:50:59.226110 [debug] [MainThread]: Sending event: {'category': 'dbt', 'action': 'invocation', 'label': 'end', 'context': [<snowplow_tracker.self_describing_json.SelfDescribingJson object at 0x000001522C54B100>, <snowplow_tracker.self_describing_json.SelfDescribingJson object at 0x000001522BE5D910>, <snowplow_tracker.self_describing_json.SelfDescribingJson object at 0x000001522C5D68B0>]}
[0m21:50:59.226438 [debug] [MainThread]: Flushing usage events
[0m21:50:59.957855 [debug] [MainThread]: An error was encountered while trying to flush usage events
